1760749871738:stay
1760749882369:to-webp stay
1760750471961:webp
1760750490448:webp ~/Downloads/img.jpg
1760750578985:/Downloads/img.jpg
1760750599387:webp /home/Downloads/img.jpg
1760750801394:webp ./Downloads/img.jpg
1760750873344:webp n
1760750898281:webp k
1760752226673:webp
1760752482519:webp l
1760752505824:webp k
1760753929681:webp p
1760754173658:webp l
1760754394117:webp
1760754466084:webp q
1760754777662:webp k
1760755921483:webp 1
1760756172396:webp a
1760756567669:webp
1760756857450:webp a
1760757259412:webp
1760757286948:webp a
1760757409071:webp
1760757424768:webp p
1760757502008:webp a
1760757532206:webp d
1760757582540:webp a
1760757639756:webp
1760757675763:webp a
1760757895474:webp
1760757909673:webp p
1760757945255:webp a
1760758009167:webp
1760800730864:webp --help
1760800861662:webp --quality 0.2
1760800916297:webp quality 1
1760802585879:webp
1760802611876:web
1760802613376:webp
1760802629199:webp a
1760802637271:webp -s fama
1760802642526:webp --s fama
1760802660782:webp --q 1 --s nada
1760803928524:webp
1760803940301:webp -s
1760803944499:webp --s
1760804402756:webp
1760804484582:webp --s a
1760805062596:webp --s q
1760805072572:webp
1760805079834:webp --s
1760805137290:webp
1760805141050:webp --s a
1760805156658:webp --d
1760805184923:webp
1760805189411:webp --d
1760807796683:webp --d a
